<?xml version="1.0" encoding="UTF-8"?>
<!-- Generated by org.testng.reporters.JUnitXMLReporter -->
<testsuite hostname="W1861466" ignored="0" name="jenkins" tests="1" failures="0" timestamp="2021-05-27T21:36:36 IST" time="0.047" errors="0">
  <testcase name="@BeforeTest intialize" time="0.008" classname="tests.BaseTest">
    <failure type="java.lang.NullPointerException">
      <![CDATA[java.lang.NullPointerException
at jenkins.Base.intialize(Base.java:21)
at tests.BaseTest.intialize(BaseTest.java:17)
... Removed 24 stack frames]]>
    </failure>
  </testcase> <!-- @BeforeTest intialize -->
  <testcase name="jenkinsTriggerFailedJobs" time="0.0" classname="tests.TriggerFailedJobsTest">
    <skipped/>
  </testcase> <!-- jenkinsTriggerFailedJobs -->
</testsuite> <!-- jenkins -->
